/*C1*/SET SCHEMA SYSTEM_LOBS
INSERT INTO BLOCKS VALUES(0,2147483647,0)
COMMIT
/*C4*/SET SCHEMA PUBLIC
CREATE TABLE departamentos (\u000d\u000a dept_no  int NOT NULL PRIMARY KEY,\u000d\u000a dnombre  VARCHAR(15), \u000d\u000a loc      VARCHAR(15)\u000d\u000a)\u000d\u000a
DISCONNECT
/*C5*/SET SCHEMA PUBLIC
INSERT INTO DEPARTAMENTOS VALUES(10,'CONTABILIDAD','SEVILLA')
COMMIT
INSERT INTO DEPARTAMENTOS VALUES(20,'INVESTIGACI\u00d3N','MADRID')
COMMIT
INSERT INTO DEPARTAMENTOS VALUES(30,'VENTAS','BARCELONA')
COMMIT
INSERT INTO DEPARTAMENTOS VALUES(40,'PRODUCCI\u00d3N','BILBAO')
COMMIT
DISCONNECT
/*C6*/SET SCHEMA PUBLIC
CREATE TABLE empleados (\u000d\u000a emp_no    INT  NOT NULL PRIMARY KEY,\u000d\u000a apellido  VARCHAR(10), \u000d\u000a oficio    VARCHAR(10),\u000d\u000a dir       INT,\u000d\u000a fecha_alt DATE ,\u000d\u000a salario   FLOAT,\u000d\u000a comision  FLOAT,\u000d\u000a dept_no   INT NOT NULL REFERENCES departamentos(dept_no)\u000d\u000a)\u000d\u000a
DISCONNECT
/*C7*/SET SCHEMA PUBLIC
INSERT INTO EMPLEADOS VALUES(7369,'S\u00c1NCHEZ','EMPLEADO',7902,'1990-12-17',1040.0E0,NULL,20)
COMMIT
INSERT INTO EMPLEADOS VALUES(7499,'ARROYO','VENDEDOR',7698,'1990-02-20',1500.0E0,390.0E0,30)
COMMIT
INSERT INTO EMPLEADOS VALUES(7521,'SALA','VENDEDOR',7698,'1991-02-22',1625.0E0,650.0E0,30)
COMMIT
INSERT INTO EMPLEADOS VALUES(7566,'JIM\u00c9NEZ','DIRECTOR',7839,'1991-04-02',2900.0E0,NULL,20)
COMMIT
INSERT INTO EMPLEADOS VALUES(7654,'MART\u00cdN','VENDEDOR',7698,'1991-09-29',2900.0E0,1020.0E0,30)
COMMIT
INSERT INTO EMPLEADOS VALUES(7698,'NEGRO','DIRECTOR',7839,'1991-05-01',3005.0E0,NULL,30)
COMMIT
INSERT INTO EMPLEADOS VALUES(7782,'CEREZO','DIRECTOR',7839,'1991-06-09',2885.0E0,NULL,10)
COMMIT
INSERT INTO EMPLEADOS VALUES(7788,'GIL','ANALISTA',7566,'1991-11-09',3000.0E0,NULL,20)
COMMIT
INSERT INTO EMPLEADOS VALUES(7839,'REY','PRESIDENTE',NULL,'1991-11-17',4100.0E0,NULL,10)
COMMIT
INSERT INTO EMPLEADOS VALUES(7844,'TOVAR','VENDEDOR',7698,'1991-09-08',1350.0E0,0.0E0,30)
COMMIT
INSERT INTO EMPLEADOS VALUES(7876,'ALONSO','EMPLEADO',7788,'1991-09-23',1430.0E0,NULL,20)
COMMIT
INSERT INTO EMPLEADOS VALUES(7900,'JIMENO','EMPLEADO',7698,'1991-12-03',1335.0E0,NULL,30)
COMMIT
INSERT INTO EMPLEADOS VALUES(7902,'FERN\u00c1NDEZ','ANALISTA',7566,'1991-12-03',3000.0E0,NULL,20)
COMMIT
INSERT INTO EMPLEADOS VALUES(7934,'MU\u00d1OZ','EMPLEADO',7782,'1992-01-23',1690.0E0,NULL,10)
COMMIT
DISCONNECT
/*C2*/SET SCHEMA PUBLIC
DISCONNECT
/*C3*/SET SCHEMA PUBLIC
DISCONNECT
/*C10*/SET SCHEMA PUBLIC
DISCONNECT
/*C8*/SET SCHEMA PUBLIC
DISCONNECT
/*C9*/SET SCHEMA PUBLIC
DISCONNECT
